/home/apr/data/2020-11-API-misuse/Repair_API_Misuse/api-misuse-repair/2_parse_dl_repos/repo_download_v2/misuse_repos/tensorflow_tfx/6a88d04fcbcde4936a30af396e1c73c7e64d7b22/a/tfx/orchestration/portable/runtime_parameter_utils.py:17: error: Cannot find implementation or library stub for module named "tfx"
/home/apr/data/2020-11-API-misuse/Repair_API_Misuse/api-misuse-repair/2_parse_dl_repos/repo_download_v2/misuse_repos/tensorflow_tfx/6a88d04fcbcde4936a30af396e1c73c7e64d7b22/a/tfx/orchestration/portable/runtime_parameter_utils.py:17: note: See https://mypy.readthedocs.io/en/stable/running_mypy.html#missing-imports
/home/apr/data/2020-11-API-misuse/Repair_API_Misuse/api-misuse-repair/2_parse_dl_repos/repo_download_v2/misuse_repos/tensorflow_tfx/6a88d04fcbcde4936a30af396e1c73c7e64d7b22/a/tfx/orchestration/portable/runtime_parameter_utils.py:18: error: Cannot find implementation or library stub for module named "tfx.orchestration.portable.mlmd"
/home/apr/data/2020-11-API-misuse/Repair_API_Misuse/api-misuse-repair/2_parse_dl_repos/repo_download_v2/misuse_repos/tensorflow_tfx/6a88d04fcbcde4936a30af396e1c73c7e64d7b22/a/tfx/orchestration/portable/runtime_parameter_utils.py:19: error: Cannot find implementation or library stub for module named "tfx.proto.orchestration"
/home/apr/data/2020-11-API-misuse/Repair_API_Misuse/api-misuse-repair/2_parse_dl_repos/repo_download_v2/misuse_repos/tensorflow_tfx/6a88d04fcbcde4936a30af396e1c73c7e64d7b22/a/tfx/orchestration/portable/runtime_parameter_utils.py:21: error: Library stubs not installed for "google.protobuf" (or incompatible with Python 3.6)
/home/apr/data/2020-11-API-misuse/Repair_API_Misuse/api-misuse-repair/2_parse_dl_repos/repo_download_v2/misuse_repos/tensorflow_tfx/6a88d04fcbcde4936a30af396e1c73c7e64d7b22/a/tfx/orchestration/portable/runtime_parameter_utils.py:21: note: Hint: "python3 -m pip install types-protobuf"
/home/apr/data/2020-11-API-misuse/Repair_API_Misuse/api-misuse-repair/2_parse_dl_repos/repo_download_v2/misuse_repos/tensorflow_tfx/6a88d04fcbcde4936a30af396e1c73c7e64d7b22/a/tfx/orchestration/portable/runtime_parameter_utils.py:21: note: (or run "mypy --install-types" to install all missing stub packages)
Found 4 errors in 1 file (checked 1 source file)

time cost(in seconds): 0.5154292583465576
