/home/apr/data/2020-11-API-misuse/Repair_API_Misuse/api-misuse-repair/2_parse_dl_repos/repo_download_v2/misuse_repos/tensorpack_tensorpack/448895e4aaf6a9a9eaca40f5e127268fb67825f8/a/tensorpack/tfutils/summary.py:5: error: Library stubs not installed for "six" (or incompatible with Python 3.6)
/home/apr/data/2020-11-API-misuse/Repair_API_Misuse/api-misuse-repair/2_parse_dl_repos/repo_download_v2/misuse_repos/tensorpack_tensorpack/448895e4aaf6a9a9eaca40f5e127268fb67825f8/a/tensorpack/tfutils/summary.py:5: note: Hint: "python3 -m pip install types-six"
/home/apr/data/2020-11-API-misuse/Repair_API_Misuse/api-misuse-repair/2_parse_dl_repos/repo_download_v2/misuse_repos/tensorpack_tensorpack/448895e4aaf6a9a9eaca40f5e127268fb67825f8/a/tensorpack/tfutils/summary.py:5: note: (or run "mypy --install-types" to install all missing stub packages)
/home/apr/data/2020-11-API-misuse/Repair_API_Misuse/api-misuse-repair/2_parse_dl_repos/repo_download_v2/misuse_repos/tensorpack_tensorpack/448895e4aaf6a9a9eaca40f5e127268fb67825f8/a/tensorpack/tfutils/summary.py:5: note: See https://mypy.readthedocs.io/en/stable/running_mypy.html#missing-imports
/home/apr/data/2020-11-API-misuse/Repair_API_Misuse/api-misuse-repair/2_parse_dl_repos/repo_download_v2/misuse_repos/tensorpack_tensorpack/448895e4aaf6a9a9eaca40f5e127268fb67825f8/a/tensorpack/tfutils/summary.py:6: error: Skipping analyzing "tensorflow": found module but no type hints or library stubs
/home/apr/data/2020-11-API-misuse/Repair_API_Misuse/api-misuse-repair/2_parse_dl_repos/repo_download_v2/misuse_repos/tensorpack_tensorpack/448895e4aaf6a9a9eaca40f5e127268fb67825f8/a/tensorpack/tfutils/summary.py:9: error: Library stubs not installed for "six.moves" (or incompatible with Python 3.6)
/home/apr/data/2020-11-API-misuse/Repair_API_Misuse/api-misuse-repair/2_parse_dl_repos/repo_download_v2/misuse_repos/tensorpack_tensorpack/448895e4aaf6a9a9eaca40f5e127268fb67825f8/a/tensorpack/tfutils/summary.py:12: error: Skipping analyzing "tensorflow.python.training": found module but no type hints or library stubs
/home/apr/data/2020-11-API-misuse/Repair_API_Misuse/api-misuse-repair/2_parse_dl_repos/repo_download_v2/misuse_repos/tensorpack_tensorpack/448895e4aaf6a9a9eaca40f5e127268fb67825f8/a/tensorpack/tfutils/summary.py:14: error: Skipping analyzing ".utils": found module but no type hints or library stubs
/home/apr/data/2020-11-API-misuse/Repair_API_Misuse/api-misuse-repair/2_parse_dl_repos/repo_download_v2/misuse_repos/tensorpack_tensorpack/448895e4aaf6a9a9eaca40f5e127268fb67825f8/a/tensorpack/tfutils/summary.py:14: error: Relative import climbs too many namespaces
/home/apr/data/2020-11-API-misuse/Repair_API_Misuse/api-misuse-repair/2_parse_dl_repos/repo_download_v2/misuse_repos/tensorpack_tensorpack/448895e4aaf6a9a9eaca40f5e127268fb67825f8/a/tensorpack/tfutils/summary.py:15: error: Skipping analyzing ".utils.develop": found module but no type hints or library stubs
/home/apr/data/2020-11-API-misuse/Repair_API_Misuse/api-misuse-repair/2_parse_dl_repos/repo_download_v2/misuse_repos/tensorpack_tensorpack/448895e4aaf6a9a9eaca40f5e127268fb67825f8/a/tensorpack/tfutils/summary.py:15: error: Relative import climbs too many namespaces
/home/apr/data/2020-11-API-misuse/Repair_API_Misuse/api-misuse-repair/2_parse_dl_repos/repo_download_v2/misuse_repos/tensorpack_tensorpack/448895e4aaf6a9a9eaca40f5e127268fb67825f8/a/tensorpack/tfutils/summary.py:16: error: Skipping analyzing ".utils.argtools": found module but no type hints or library stubs
/home/apr/data/2020-11-API-misuse/Repair_API_Misuse/api-misuse-repair/2_parse_dl_repos/repo_download_v2/misuse_repos/tensorpack_tensorpack/448895e4aaf6a9a9eaca40f5e127268fb67825f8/a/tensorpack/tfutils/summary.py:16: error: Relative import climbs too many namespaces
/home/apr/data/2020-11-API-misuse/Repair_API_Misuse/api-misuse-repair/2_parse_dl_repos/repo_download_v2/misuse_repos/tensorpack_tensorpack/448895e4aaf6a9a9eaca40f5e127268fb67825f8/a/tensorpack/tfutils/summary.py:17: error: Skipping analyzing ".utils.naming": found module but no type hints or library stubs
/home/apr/data/2020-11-API-misuse/Repair_API_Misuse/api-misuse-repair/2_parse_dl_repos/repo_download_v2/misuse_repos/tensorpack_tensorpack/448895e4aaf6a9a9eaca40f5e127268fb67825f8/a/tensorpack/tfutils/summary.py:17: error: Relative import climbs too many namespaces
/home/apr/data/2020-11-API-misuse/Repair_API_Misuse/api-misuse-repair/2_parse_dl_repos/repo_download_v2/misuse_repos/tensorpack_tensorpack/448895e4aaf6a9a9eaca40f5e127268fb67825f8/a/tensorpack/tfutils/summary.py:18: error: Skipping analyzing ".tower": found module but no type hints or library stubs
/home/apr/data/2020-11-API-misuse/Repair_API_Misuse/api-misuse-repair/2_parse_dl_repos/repo_download_v2/misuse_repos/tensorpack_tensorpack/448895e4aaf6a9a9eaca40f5e127268fb67825f8/a/tensorpack/tfutils/summary.py:19: error: Skipping analyzing ".symbolic_functions": found module but no type hints or library stubs
/home/apr/data/2020-11-API-misuse/Repair_API_Misuse/api-misuse-repair/2_parse_dl_repos/repo_download_v2/misuse_repos/tensorpack_tensorpack/448895e4aaf6a9a9eaca40f5e127268fb67825f8/a/tensorpack/tfutils/summary.py:20: error: Skipping analyzing ".scope_utils": found module but no type hints or library stubs
/home/apr/data/2020-11-API-misuse/Repair_API_Misuse/api-misuse-repair/2_parse_dl_repos/repo_download_v2/misuse_repos/tensorpack_tensorpack/448895e4aaf6a9a9eaca40f5e127268fb67825f8/a/tensorpack/tfutils/summary.py:255: error: Cannot find implementation or library stub for module named "scipy.misc"
/home/apr/data/2020-11-API-misuse/Repair_API_Misuse/api-misuse-repair/2_parse_dl_repos/repo_download_v2/misuse_repos/tensorpack_tensorpack/448895e4aaf6a9a9eaca40f5e127268fb67825f8/a/tensorpack/tfutils/summary.py:255: error: Cannot find implementation or library stub for module named "scipy"
/home/apr/data/2020-11-API-misuse/Repair_API_Misuse/api-misuse-repair/2_parse_dl_repos/repo_download_v2/misuse_repos/tensorpack_tensorpack/448895e4aaf6a9a9eaca40f5e127268fb67825f8/a/tensorpack/tfutils/summary.py:257: error: Relative import climbs too many namespaces
Found 18 errors in 1 file (checked 1 source file)

time cost(in seconds): 1.8733015060424805
