/home/apr/data/2020-11-API-misuse/Repair_API_Misuse/api-misuse-repair/2_parse_dl_repos/repo_download_v2/misuse_repos/tensorflow_lingvo/0276865c72b227313db34230c5432d6a871d6525/a/lingvo/core/program.py:23: error: Cannot find implementation or library stub for module named "lingvo.compat"
/home/apr/data/2020-11-API-misuse/Repair_API_Misuse/api-misuse-repair/2_parse_dl_repos/repo_download_v2/misuse_repos/tensorflow_lingvo/0276865c72b227313db34230c5432d6a871d6525/a/lingvo/core/program.py:23: note: See https://mypy.readthedocs.io/en/stable/running_mypy.html#missing-imports
/home/apr/data/2020-11-API-misuse/Repair_API_Misuse/api-misuse-repair/2_parse_dl_repos/repo_download_v2/misuse_repos/tensorflow_lingvo/0276865c72b227313db34230c5432d6a871d6525/a/lingvo/core/program.py:23: error: Cannot find implementation or library stub for module named "lingvo"
/home/apr/data/2020-11-API-misuse/Repair_API_Misuse/api-misuse-repair/2_parse_dl_repos/repo_download_v2/misuse_repos/tensorflow_lingvo/0276865c72b227313db34230c5432d6a871d6525/a/lingvo/core/program.py:24: error: Cannot find implementation or library stub for module named "lingvo.core"
/home/apr/data/2020-11-API-misuse/Repair_API_Misuse/api-misuse-repair/2_parse_dl_repos/repo_download_v2/misuse_repos/tensorflow_lingvo/0276865c72b227313db34230c5432d6a871d6525/a/lingvo/core/program.py:34: error: Skipping analyzing "tensorflow.core.protobuf.tpu": found module but no type hints or library stubs
/home/apr/data/2020-11-API-misuse/Repair_API_Misuse/api-misuse-repair/2_parse_dl_repos/repo_download_v2/misuse_repos/tensorflow_lingvo/0276865c72b227313db34230c5432d6a871d6525/a/lingvo/core/program.py:35: error: Skipping analyzing "tensorflow.python.tpu": found module but no type hints or library stubs
/home/apr/data/2020-11-API-misuse/Repair_API_Misuse/api-misuse-repair/2_parse_dl_repos/repo_download_v2/misuse_repos/tensorflow_lingvo/0276865c72b227313db34230c5432d6a871d6525/a/lingvo/core/program.py:38: error: Skipping analyzing "tensorflow.python.tpu.ops": found module but no type hints or library stubs
Found 6 errors in 1 file (checked 1 source file)

time cost(in seconds): 0.7014575004577637
